2026-03-04 12:54:14,154 - __main__ - INFO - Running self-validation...
2026-03-04 12:54:14,156 - __main__ - INFO - EMG Engine initialized with config: EMGConfig(sampling_rate=2000, cutoff_low=20.0, cutoff_high=450.0, filter_order=4, notch_freq=50.0, window_size=200, overlap=0.5)
2026-03-04 12:54:14,170 - __main__ - INFO - Self-validation passed. Example output saved.
2026-03-04 12:54:14,170 - __main__ - INFO - Mean activation: 0.041
2026-03-04 12:55:09,258 - core_engine - INFO - EMG Engine initialized with config: EMGConfig(sampling_rate=2500, cutoff_low=25.0, cutoff_high=300.0, filter_order=4, notch_freq=50.0, window_size=450, overlap=0.3)
2026-03-04 13:08:21,634 - __main__ - INFO - Running self-validation...
2026-03-04 13:08:21,635 - __main__ - INFO - EMG Engine initialized with config: EMGConfig(sampling_rate=2000, cutoff_low=20.0, cutoff_high=450.0, filter_order=4, notch_freq=50.0, window_size=200, overlap=0.5)
2026-03-04 13:08:21,648 - __main__ - INFO - Self-validation passed. Example output saved.
2026-03-04 13:08:21,649 - __main__ - INFO - Mean activation: 0.042
2026-03-04 13:09:17,040 - core_engine - INFO - EMG Engine initialized with config: EMGConfig(sampling_rate=2000, cutoff_low=20.0, cutoff_high=450.0, filter_order=4, notch_freq=50.0, window_size=200, overlap=0.5)
2026-03-04 13:11:26,196 - core_engine - INFO - EMG Engine initialized with config: EMGConfig(sampling_rate=2000, cutoff_low=20.0, cutoff_high=450.0, filter_order=4, notch_freq=50.0, window_size=200, overlap=0.5)
2026-03-04 13:26:41,980 - core_engine - INFO - EMG Engine initialized with config: EMGConfig(sampling_rate=1100, cutoff_low=20.0, cutoff_high=360.0, filter_order=7, notch_freq=50.0, window_size=220, overlap=0.3)
2026-03-04 13:28:17,556 - __main__ - INFO - Running self-validation...
2026-03-04 13:28:17,556 - __main__ - INFO - EMG Engine initialized with config: EMGConfig(sampling_rate=2000, cutoff_low=20.0, cutoff_high=450.0, filter_order=4, notch_freq=50.0, window_size=200, overlap=0.5)
2026-03-04 13:28:17,556 - __main__ - INFO - Self-validation passed. Example output saved.
2026-03-04 13:28:17,556 - __main__ - INFO - Mean activation: 0.042
2026-03-04 13:28:34,833 - core_engine - INFO - EMG Engine initialized with config: EMGConfig(sampling_rate=2000, cutoff_low=20.0, cutoff_high=450.0, filter_order=4, notch_freq=50.0, window_size=200, overlap=0.5)
2026-03-04 13:29:01,111 - core_engine - INFO - EMG Engine initialized with config: EMGConfig(sampling_rate=2000, cutoff_low=20.0, cutoff_high=450.0, filter_order=4, notch_freq=50.0, window_size=200, overlap=0.5)
2026-03-04 13:29:49,654 - core_engine - INFO - EMG Engine initialized with config: EMGConfig(sampling_rate=2000, cutoff_low=20.0, cutoff_high=450.0, filter_order=4, notch_freq=50.0, window_size=200, overlap=0.5)
2026-03-04 13:34:12,610 - __main__ - INFO - Running self-validation...
2026-03-04 13:34:12,610 - __main__ - INFO - EMG Engine initialized with config: EMGConfig(sampling_rate=2000, cutoff_low=20.0, cutoff_high=450.0, filter_order=4, notch_freq=50.0, window_size=200, overlap=0.5)
2026-03-04 13:34:12,629 - __main__ - INFO - Self-validation passed. Example output saved.
2026-03-04 13:34:12,629 - __main__ - INFO - Mean activation: 0.041
2026-03-04 13:34:41,757 - core_engine - INFO - EMG Engine initialized with config: EMGConfig(sampling_rate=2000, cutoff_low=20.0, cutoff_high=450.0, filter_order=4, notch_freq=50.0, window_size=200, overlap=0.5)
2026-03-04 13:34:43,456 - core_engine - ERROR - Preprocessing failed: Signal length 104 < window size 200
2026-03-04 13:34:43,458 - core_engine - ERROR - Stream processing failed: Signal length 104 < window size 200
2026-03-04 13:35:13,302 - core_engine - INFO - EMG Engine initialized with config: EMGConfig(sampling_rate=2000, cutoff_low=20.0, cutoff_high=450.0, filter_order=4, notch_freq=50.0, window_size=200, overlap=0.5)
2026-03-04 13:35:14,428 - core_engine - WARNING - Possible motion artifact detected - signal may be saturated
2026-03-04 13:35:14,868 - core_engine - WARNING - Possible motion artifact detected - signal may be saturated
2026-03-04 13:35:15,187 - core_engine - WARNING - Possible motion artifact detected - signal may be saturated
2026-03-04 22:17:02,944 - core_engine - INFO - EMG Engine initialized with config: EMGConfig(sampling_rate=2000, cutoff_low=20.0, cutoff_high=450.0, filter_order=4, notch_freq=50.0, window_size=200, overlap=0.5)
